2025-09-26 10:07:40 - scraping - INFO - ✅ 성공: 게시판 71개 조회 - https://cafe.naver.com/sundreamd
2025-09-26 10:07:40 - scraping - INFO - 🚀 스크래핑 시작: 선택된 게시판 배치 크롤링 (총 1개)
2025-09-26 10:07:40 - scraping - INFO - 📄 [  1/  1] (100.0%) ★가입인사
2025-09-26 10:08:01 - scraping - INFO - 🚀 스크래핑 시작: 다중 게시글 (총 5개)
2025-09-26 10:08:01 - scraping - INFO - ⏱️ 동시 처리 설정: 0.00초 최대 3개
2025-09-26 10:10:18 - scraping - INFO - 🛡️ 안티봇 대응: 요청 간 대기 3.77098921508847초
2025-09-26 10:12:39 - scraping - INFO - 🛡️ 안티봇 대응: 요청 간 대기 4.206242527400992초
2025-09-26 10:14:59 - scraping - INFO - 🛡️ 안티봇 대응: 요청 간 대기 4.734101044497728초
2025-09-26 10:17:21 - scraping - INFO - 🛡️ 안티봇 대응: 요청 간 대기 6.075285703490287초
2025-09-26 10:19:53 - scraping - INFO - 📊 완료: 성공 5개, 실패 0개, 총 5개
2025-09-26 10:43:54 - scraping - INFO - ✅ 성공: 게시판 71개 조회 - https://cafe.naver.com/sundreamd
2025-09-26 10:43:54 - scraping - INFO - 🚀 스크래핑 시작: 선택된 게시판 배치 크롤링 (총 1개)
2025-09-26 10:43:54 - scraping - INFO - 📄 [  1/  1] (100.0%) ★가입인사
2025-09-26 10:44:16 - scraping - INFO - 🚀 스크래핑 시작: 다중 게시글 (총 3개)
2025-09-26 10:44:16 - scraping - INFO - ⏱️ 동시 처리 설정: 0.00초 최대 3개
2025-09-26 10:46:33 - scraping - INFO - 🛡️ 안티봇 대응: 요청 간 대기 4.5408607080081165초
2025-09-26 10:48:54 - scraping - INFO - 🛡️ 안티봇 대응: 요청 간 대기 3.751988609308018초
2025-09-26 10:51:14 - scraping - INFO - 📊 완료: 성공 3개, 실패 0개, 총 3개
2025-09-26 10:59:27 - scraping - INFO - ✅ 성공: 게시판 71개 조회 - https://cafe.naver.com/sundreamd
2025-09-26 10:59:27 - scraping - INFO - 🚀 스크래핑 시작: 선택된 게시판 배치 크롤링 (총 1개)
2025-09-26 10:59:27 - scraping - INFO - 📄 [  1/  1] (100.0%) ★가입인사
2025-09-26 10:59:47 - scraping - INFO - 🚀 스크래핑 시작: 다중 게시글 (총 3개)
2025-09-26 10:59:47 - scraping - INFO - ⏱️ 동시 처리 설정: 0.00초 최대 3개
2025-09-26 11:03:28 - scraping - INFO - 🛡️ 안티봇 대응: 요청 간 대기 2.029565263556684초
2025-09-26 11:07:12 - scraping - INFO - 🛡️ 안티봇 대응: 요청 간 대기 6.92792790996645초
2025-09-26 11:11:00 - scraping - INFO - 📊 완료: 성공 3개, 실패 0개, 총 3개
2025-09-26 11:43:30 - scraping - INFO - ✅ 성공: 게시판 71개 조회 - https://cafe.naver.com/sundreamd
2025-09-26 11:43:30 - scraping - INFO - 🚀 스크래핑 시작: 선택된 게시판 배치 크롤링 (총 1개)
2025-09-26 11:43:30 - scraping - INFO - 📄 [  1/  1] (100.0%) ★가입인사
2025-09-26 11:43:50 - scraping - INFO - 🚀 스크래핑 시작: 다중 게시글 (총 3개)
2025-09-26 11:43:50 - scraping - INFO - ⏱️ 동시 처리 설정: 0.00초 최대 3개
2025-09-26 11:47:31 - scraping - INFO - 🛡️ 안티봇 대응: 요청 간 대기 4.8182379512174816초
2025-09-26 11:51:16 - scraping - INFO - 🛡️ 안티봇 대응: 요청 간 대기 6.851274037945269초
2025-09-26 11:55:03 - scraping - INFO - 📊 완료: 성공 3개, 실패 0개, 총 3개
2025-09-26 12:00:32 - scraping - INFO - ✅ 성공: 게시판 71개 조회 - https://cafe.naver.com/sundreamd
2025-09-26 12:00:32 - scraping - INFO - 🚀 스크래핑 시작: 선택된 게시판 배치 크롤링 (총 1개)
2025-09-26 12:00:32 - scraping - INFO - 📄 [  1/  1] (100.0%) ★가입인사
2025-09-26 12:00:52 - scraping - INFO - 🚀 스크래핑 시작: 다중 게시글 (총 3개)
2025-09-26 12:00:52 - scraping - INFO - ⏱️ 동시 처리 설정: 0.00초 최대 3개
2025-09-26 12:04:53 - scraping - INFO - 🛡️ 안티봇 대응: 요청 간 대기 3.5016075196352134초
2025-09-26 12:08:38 - scraping - INFO - 🛡️ 안티봇 대응: 요청 간 대기 7.572291283095349초
2025-09-26 12:12:27 - scraping - INFO - 📊 완료: 성공 3개, 실패 0개, 총 3개
2025-09-26 12:32:14 - scraping - INFO - ✅ 성공: 게시판 71개 조회 - https://cafe.naver.com/sundreamd
2025-09-26 12:32:14 - scraping - INFO - 🚀 스크래핑 시작: 선택된 게시판 배치 크롤링 (총 1개)
2025-09-26 12:32:14 - scraping - INFO - 📄 [  1/  1] (100.0%) ★가입인사
2025-09-26 12:32:34 - scraping - INFO - 🚀 스크래핑 시작: 다중 게시글 (총 3개)
2025-09-26 12:32:34 - scraping - INFO - ⏱️ 동시 처리 설정: 0.00초 최대 3개
2025-09-26 12:36:14 - scraping - INFO - 🛡️ 안티봇 대응: 요청 간 대기 1.7600309708974684초
2025-09-26 12:39:57 - scraping - INFO - 🛡️ 안티봇 대응: 요청 간 대기 7.092145644665042초
2025-09-26 12:43:45 - scraping - INFO - 📊 완료: 성공 3개, 실패 0개, 총 3개
2025-09-26 13:20:36 - scraping - INFO - ✅ 성공: 게시판 71개 조회 - https://cafe.naver.com/sundreamd
2025-09-26 13:20:36 - scraping - INFO - 🚀 스크래핑 시작: 선택된 게시판 배치 크롤링 (총 1개)
2025-09-26 13:20:36 - scraping - INFO - 📄 [  1/  1] (100.0%) ★가입인사
2025-09-26 13:20:57 - scraping - INFO - 🚀 스크래핑 시작: 다중 게시글 (총 3개)
2025-09-26 13:20:57 - scraping - INFO - ⏱️ 동시 처리 설정: 0.00초 최대 3개
2025-09-26 13:25:38 - scraping - INFO - 🛡️ 안티봇 대응: 요청 간 대기 6.58370940802152초
2025-09-26 13:30:44 - scraping - INFO - 🛡️ 안티봇 대응: 요청 간 대기 3.457136735651096초
2025-09-26 13:35:27 - scraping - INFO - 📊 완료: 성공 3개, 실패 0개, 총 3개
2025-09-26 14:13:51 - scraping - INFO - ✅ 성공: 게시판 71개 조회 - https://cafe.naver.com/sundreamd
2025-09-26 14:13:51 - scraping - INFO - 🚀 스크래핑 시작: 선택된 게시판 배치 크롤링 (총 1개)
2025-09-26 14:13:51 - scraping - INFO - 📄 [  1/  1] (100.0%) ★가입인사
2025-09-26 14:14:11 - scraping - INFO - 🚀 스크래핑 시작: 다중 게시글 (총 3개)
2025-09-26 14:14:11 - scraping - INFO - ⏱️ 동시 처리 설정: 0.00초 최대 3개
2025-09-26 14:18:22 - scraping - INFO - 🛡️ 안티봇 대응: 요청 간 대기 1.806274321274104초
2025-09-26 14:22:35 - scraping - INFO - 🛡️ 안티봇 대응: 요청 간 대기 3.705844286577409초
2025-09-26 14:26:50 - scraping - INFO - 📊 완료: 성공 3개, 실패 0개, 총 3개
2025-09-26 16:37:18 - scraping - INFO - ✅ 성공: 게시판 71개 조회 - https://cafe.naver.com/sundreamd
2025-09-26 16:37:18 - scraping - INFO - 🚀 스크래핑 시작: 선택된 게시판 배치 크롤링 (총 1개)
2025-09-26 16:37:18 - scraping - INFO - 📄 [  1/  1] (100.0%) ★가입인사
2025-09-26 16:37:40 - scraping - INFO - 🚀 스크래핑 시작: 다중 게시글 (총 2개)
2025-09-26 16:37:40 - scraping - INFO - ⏱️ 동시 처리 설정: 0.00초 최대 3개
2025-09-26 16:42:25 - scraping - INFO - 🛡️ 안티봇 대응: 요청 간 대기 1.9337711734903817초
